2023-08-23 15:00:15.034 [restartedMain] INFO  c.m.location.LocationApplication - Starting LocationApplication using Java 17.0.6 with PID 16704 (C:\XCorps\Location-Microservice\Location\target\classes started by shivdas in C:\XCorps\Location-Microservice\Location)
2023-08-23 15:00:15.038 [restartedMain] INFO  c.m.location.LocationApplication - No active profile set, falling back to 1 default profile: "default"
2023-08-23 15:00:15.143 [restartedMain] INFO  o.s.b.d.e.DevToolsPropertyDefaultsPostProcessor - Devtools property defaults active! Set 'spring.devtools.add-properties' to 'false' to disable
2023-08-23 15:00:15.152 [restartedMain] INFO  o.s.b.d.e.DevToolsPropertyDefaultsPostProcessor - For additional web related logging consider setting the 'logging.level.web' property to 'DEBUG'
2023-08-23 15:00:16.111 [restartedMain] INFO  o.s.d.r.c.RepositoryConfigurationDelegate - Bootstrapping Spring Data JPA repositories in DEFAULT mode.
2023-08-23 15:00:16.327 [restartedMain] INFO  o.s.d.r.c.RepositoryConfigurationDelegate - Finished Spring Data repository scanning in 190 ms. Found 5 JPA repository interfaces.
2023-08-23 15:00:16.693 [restartedMain] INFO  o.s.cloud.context.scope.GenericScope - BeanFactory id=23824501-a74a-3903-b583-05d76b3b5b2d
2023-08-23 15:00:16.792 [restartedMain] INFO  o.s.c.s.PostProcessorRegistrationDelegate$BeanPostProcessorChecker - Bean 'com.movieticketsystem.location.feignRequest.services.MovieService' of type [org.springframework.cloud.openfeign.FeignClientFactoryBean] is not eligible for getting processed by all BeanPostProcessors (for example: not eligible for auto-proxying)
2023-08-23 15:00:17.734 [restartedMain] INFO  o.s.b.w.e.tomcat.TomcatWebServer - Tomcat initialized with port(s): 8081 (http)
2023-08-23 15:00:17.747 [restartedMain] INFO  o.a.coyote.http11.Http11NioProtocol - Initializing ProtocolHandler ["http-nio-8081"]
2023-08-23 15:00:17.753 [restartedMain] INFO  o.a.catalina.core.StandardService - Starting service [Tomcat]
2023-08-23 15:00:17.753 [restartedMain] INFO  o.a.catalina.core.StandardEngine - Starting Servlet engine: [Apache Tomcat/10.1.10]
2023-08-23 15:00:17.868 [restartedMain] INFO  o.a.c.c.C.[Tomcat].[localhost].[/] - Initializing Spring embedded WebApplicationContext
2023-08-23 15:00:17.872 [restartedMain] INFO  o.s.b.w.s.c.ServletWebServerApplicationContext - Root WebApplicationContext: initialization completed in 2715 ms
2023-08-23 15:00:17.939 [restartedMain] INFO  com.zaxxer.hikari.HikariDataSource - HikariPool-1 - Starting...
2023-08-23 15:00:18.212 [restartedMain] INFO  com.zaxxer.hikari.pool.HikariPool - HikariPool-1 - Added connection org.postgresql.jdbc.PgConnection@1042f2b5
2023-08-23 15:00:18.215 [restartedMain] INFO  com.zaxxer.hikari.HikariDataSource - HikariPool-1 - Start completed.
2023-08-23 15:00:18.230 [restartedMain] INFO  o.s.b.a.h.H2ConsoleAutoConfiguration - H2 console available at '/h2-console'. Database available at 'jdbc:postgresql://localhost:5432/theatre'
2023-08-23 15:00:18.431 [restartedMain] INFO  o.h.jpa.internal.util.LogHelper - HHH000204: Processing PersistenceUnitInfo [name: default]
2023-08-23 15:00:18.508 [restartedMain] INFO  org.hibernate.Version - HHH000412: Hibernate ORM core version 6.2.5.Final
2023-08-23 15:00:18.512 [restartedMain] INFO  org.hibernate.cfg.Environment - HHH000406: Using bytecode reflection optimizer
2023-08-23 15:00:18.703 [restartedMain] INFO  o.h.b.i.BytecodeProviderInitiator - HHH000021: Bytecode provider name : bytebuddy
2023-08-23 15:00:18.882 [restartedMain] INFO  o.s.o.j.p.SpringPersistenceUnitInfo - No LoadTimeWeaver setup: ignoring JPA class transformer
2023-08-23 15:00:19.169 [restartedMain] ERROR o.s.o.j.LocalContainerEntityManagerFactoryBean - Failed to initialize JPA EntityManagerFactory: Entity 'com.movieticketsystem.location.Entities.Movies' has no identifier (every '@Entity' class must declare or inherit at least one '@Id' or '@EmbeddedId' property)
2023-08-23 15:00:19.172 [restartedMain] WARN  o.s.b.w.s.c.AnnotationConfigServletWebServerApplicationContext - Exception encountered during context initialization - cancelling refresh attempt: org.springframework.beans.factory.BeanCreationException: Error creating bean with name 'entityManagerFactory' defined in class path resource [org/springframework/boot/autoconfigure/orm/jpa/HibernateJpaConfiguration.class]: Entity 'com.movieticketsystem.location.Entities.Movies' has no identifier (every '@Entity' class must declare or inherit at least one '@Id' or '@EmbeddedId' property)
2023-08-23 15:00:19.175 [restartedMain] INFO  com.zaxxer.hikari.HikariDataSource - HikariPool-1 - Shutdown initiated...
2023-08-23 15:00:19.185 [restartedMain] INFO  com.zaxxer.hikari.HikariDataSource - HikariPool-1 - Shutdown completed.
2023-08-23 15:00:19.189 [restartedMain] INFO  o.a.catalina.core.StandardService - Stopping service [Tomcat]
2023-08-23 15:00:19.202 [restartedMain] INFO  o.s.b.a.l.ConditionEvaluationReportLogger - 

Error starting ApplicationContext. To display the condition evaluation report re-run your application with 'debug' enabled.
2023-08-23 15:00:19.227 [restartedMain] ERROR o.s.boot.SpringApplication - Application run failed
org.springframework.beans.factory.BeanCreationException: Error creating bean with name 'entityManagerFactory' defined in class path resource [org/springframework/boot/autoconfigure/orm/jpa/HibernateJpaConfiguration.class]: Entity 'com.movieticketsystem.location.Entities.Movies' has no identifier (every '@Entity' class must declare or inherit at least one '@Id' or '@EmbeddedId' property)
	at org.springframework.beans.factory.support.AbstractAutowireCapableBeanFactory.initializeBean(AbstractAutowireCapableBeanFactory.java:1770)
	at org.springframework.beans.factory.support.AbstractAutowireCapableBeanFactory.doCreateBean(AbstractAutowireCapableBeanFactory.java:598)
	at org.springframework.beans.factory.support.AbstractAutowireCapableBeanFactory.createBean(AbstractAutowireCapableBeanFactory.java:520)
	at org.springframework.beans.factory.support.AbstractBeanFactory.lambda$doGetBean$0(AbstractBeanFactory.java:326)
	at org.springframework.beans.factory.support.DefaultSingletonBeanRegistry.getSingleton(DefaultSingletonBeanRegistry.java:234)
	at org.springframework.beans.factory.support.AbstractBeanFactory.doGetBean(AbstractBeanFactory.java:324)
	at org.springframework.beans.factory.support.AbstractBeanFactory.getBean(AbstractBeanFactory.java:200)
	at org.springframework.context.support.AbstractApplicationContext.getBean(AbstractApplicationContext.java:1154)
	at org.springframework.context.support.AbstractApplicationContext.finishBeanFactoryInitialization(AbstractApplicationContext.java:931)
	at org.springframework.context.support.AbstractApplicationContext.refresh(AbstractApplicationContext.java:608)
	at org.springframework.boot.web.servlet.context.ServletWebServerApplicationContext.refresh(ServletWebServerApplicationContext.java:146)
	at org.springframework.boot.SpringApplication.refresh(SpringApplication.java:734)
	at org.springframework.boot.SpringApplication.refreshContext(SpringApplication.java:436)
	at org.springframework.boot.SpringApplication.run(SpringApplication.java:312)
	at org.springframework.boot.SpringApplication.run(SpringApplication.java:1306)
	at org.springframework.boot.SpringApplication.run(SpringApplication.java:1295)
	at com.movieticketsystem.location.LocationApplication.main(LocationApplication.java:18)
	at java.base/jdk.internal.reflect.NativeMethodAccessorImpl.invoke0(Native Method)
	at java.base/jdk.internal.reflect.NativeMethodAccessorImpl.invoke(Unknown Source)
	at java.base/jdk.internal.reflect.DelegatingMethodAccessorImpl.invoke(Unknown Source)
	at java.base/java.lang.reflect.Method.invoke(Unknown Source)
	at org.springframework.boot.devtools.restart.RestartLauncher.run(RestartLauncher.java:50)
Caused by: org.hibernate.AnnotationException: Entity 'com.movieticketsystem.location.Entities.Movies' has no identifier (every '@Entity' class must declare or inherit at least one '@Id' or '@EmbeddedId' property)
	at org.hibernate.boot.model.internal.InheritanceState.determineDefaultAccessType(InheritanceState.java:279)
	at org.hibernate.boot.model.internal.InheritanceState.getElementsToProcess(InheritanceState.java:215)
	at org.hibernate.boot.model.internal.InheritanceState.postProcess(InheritanceState.java:160)
	at org.hibernate.boot.model.internal.EntityBinder.handleIdentifier(EntityBinder.java:293)
	at org.hibernate.boot.model.internal.EntityBinder.bindEntityClass(EntityBinder.java:228)
	at org.hibernate.boot.model.internal.AnnotationBinder.bindClass(AnnotationBinder.java:417)
	at org.hibernate.boot.model.source.internal.annotations.AnnotationMetadataSourceProcessorImpl.processEntityHierarchies(AnnotationMetadataSourceProcessorImpl.java:255)
	at org.hibernate.boot.model.process.spi.MetadataBuildingProcess$1.processEntityHierarchies(MetadataBuildingProcess.java:275)
	at org.hibernate.boot.model.process.spi.MetadataBuildingProcess.complete(MetadataBuildingProcess.java:318)
	at org.hibernate.jpa.boot.internal.EntityManagerFactoryBuilderImpl.metadata(EntityManagerFactoryBuilderImpl.java:1380)
	at org.hibernate.jpa.boot.internal.EntityManagerFactoryBuilderImpl.build(EntityManagerFactoryBuilderImpl.java:1451)
	at org.springframework.orm.jpa.vendor.SpringHibernateJpaPersistenceProvider.createContainerEntityManagerFactory(SpringHibernateJpaPersistenceProvider.java:75)
	at org.springframework.orm.jpa.LocalContainerEntityManagerFactoryBean.createNativeEntityManagerFactory(LocalContainerEntityManagerFactoryBean.java:376)
	at org.springframework.orm.jpa.AbstractEntityManagerFactoryBean.buildNativeEntityManagerFactory(AbstractEntityManagerFactoryBean.java:409)
	at org.springframework.orm.jpa.AbstractEntityManagerFactoryBean.afterPropertiesSet(AbstractEntityManagerFactoryBean.java:396)
	at org.springframework.orm.jpa.LocalContainerEntityManagerFactoryBean.afterPropertiesSet(LocalContainerEntityManagerFactoryBean.java:352)
	at org.springframework.beans.factory.support.AbstractAutowireCapableBeanFactory.invokeInitMethods(AbstractAutowireCapableBeanFactory.java:1816)
	at org.springframework.beans.factory.support.AbstractAutowireCapableBeanFactory.initializeBean(AbstractAutowireCapableBeanFactory.java:1766)
	... 21 common frames omitted
2023-08-23 15:02:51.247 [restartedMain] INFO  c.m.location.LocationApplication - Starting LocationApplication using Java 17.0.6 with PID 23380 (C:\XCorps\Location-Microservice\Location\target\classes started by shivdas in C:\XCorps\Location-Microservice\Location)
2023-08-23 15:02:51.255 [restartedMain] INFO  c.m.location.LocationApplication - No active profile set, falling back to 1 default profile: "default"
2023-08-23 15:02:51.360 [restartedMain] INFO  o.s.b.d.e.DevToolsPropertyDefaultsPostProcessor - Devtools property defaults active! Set 'spring.devtools.add-properties' to 'false' to disable
2023-08-23 15:02:51.361 [restartedMain] INFO  o.s.b.d.e.DevToolsPropertyDefaultsPostProcessor - For additional web related logging consider setting the 'logging.level.web' property to 'DEBUG'
2023-08-23 15:02:52.323 [restartedMain] INFO  o.s.d.r.c.RepositoryConfigurationDelegate - Bootstrapping Spring Data JPA repositories in DEFAULT mode.
2023-08-23 15:02:52.534 [restartedMain] INFO  o.s.d.r.c.RepositoryConfigurationDelegate - Finished Spring Data repository scanning in 195 ms. Found 5 JPA repository interfaces.
2023-08-23 15:02:52.940 [restartedMain] INFO  o.s.cloud.context.scope.GenericScope - BeanFactory id=23824501-a74a-3903-b583-05d76b3b5b2d
2023-08-23 15:02:53.076 [restartedMain] INFO  o.s.c.s.PostProcessorRegistrationDelegate$BeanPostProcessorChecker - Bean 'com.movieticketsystem.location.feignRequest.services.MovieService' of type [org.springframework.cloud.openfeign.FeignClientFactoryBean] is not eligible for getting processed by all BeanPostProcessors (for example: not eligible for auto-proxying)
2023-08-23 15:02:53.990 [restartedMain] INFO  o.s.b.w.e.tomcat.TomcatWebServer - Tomcat initialized with port(s): 8081 (http)
2023-08-23 15:02:54.005 [restartedMain] INFO  o.a.coyote.http11.Http11NioProtocol - Initializing ProtocolHandler ["http-nio-8081"]
2023-08-23 15:02:54.012 [restartedMain] INFO  o.a.catalina.core.StandardService - Starting service [Tomcat]
2023-08-23 15:02:54.012 [restartedMain] INFO  o.a.catalina.core.StandardEngine - Starting Servlet engine: [Apache Tomcat/10.1.10]
2023-08-23 15:02:54.153 [restartedMain] INFO  o.a.c.c.C.[Tomcat].[localhost].[/] - Initializing Spring embedded WebApplicationContext
2023-08-23 15:02:54.157 [restartedMain] INFO  o.s.b.w.s.c.ServletWebServerApplicationContext - Root WebApplicationContext: initialization completed in 2791 ms
2023-08-23 15:02:54.218 [restartedMain] INFO  com.zaxxer.hikari.HikariDataSource - HikariPool-1 - Starting...
2023-08-23 15:02:54.492 [restartedMain] INFO  com.zaxxer.hikari.pool.HikariPool - HikariPool-1 - Added connection org.postgresql.jdbc.PgConnection@14b74529
2023-08-23 15:02:54.495 [restartedMain] INFO  com.zaxxer.hikari.HikariDataSource - HikariPool-1 - Start completed.
2023-08-23 15:02:54.512 [restartedMain] INFO  o.s.b.a.h.H2ConsoleAutoConfiguration - H2 console available at '/h2-console'. Database available at 'jdbc:postgresql://localhost:5432/theatre'
2023-08-23 15:02:54.763 [restartedMain] INFO  o.h.jpa.internal.util.LogHelper - HHH000204: Processing PersistenceUnitInfo [name: default]
2023-08-23 15:02:54.854 [restartedMain] INFO  org.hibernate.Version - HHH000412: Hibernate ORM core version 6.2.5.Final
2023-08-23 15:02:54.859 [restartedMain] INFO  org.hibernate.cfg.Environment - HHH000406: Using bytecode reflection optimizer
2023-08-23 15:02:55.066 [restartedMain] INFO  o.h.b.i.BytecodeProviderInitiator - HHH000021: Bytecode provider name : bytebuddy
2023-08-23 15:02:55.249 [restartedMain] INFO  o.s.o.j.p.SpringPersistenceUnitInfo - No LoadTimeWeaver setup: ignoring JPA class transformer
2023-08-23 15:02:55.599 [restartedMain] INFO  o.h.b.i.BytecodeProviderInitiator - HHH000021: Bytecode provider name : bytebuddy
2023-08-23 15:02:56.360 [restartedMain] INFO  o.h.e.t.j.p.i.JtaPlatformInitiator - HHH000490: Using JtaPlatform implementation: [org.hibernate.engine.transaction.jta.platform.internal.NoJtaPlatform]
2023-08-23 15:02:56.398 [restartedMain] WARN  o.h.e.jdbc.spi.SqlExceptionHelper - SQL Warning Code: 0, SQLState: 00000
2023-08-23 15:02:56.399 [restartedMain] WARN  o.h.e.jdbc.spi.SqlExceptionHelper - relation "movies_screens" does not exist, skipping
2023-08-23 15:02:56.400 [restartedMain] WARN  o.h.e.jdbc.spi.SqlExceptionHelper - SQL Warning Code: 0, SQLState: 00000
2023-08-23 15:02:56.400 [restartedMain] WARN  o.h.e.jdbc.spi.SqlExceptionHelper - relation "movies_screens" does not exist, skipping
2023-08-23 15:02:56.414 [restartedMain] WARN  o.h.e.jdbc.spi.SqlExceptionHelper - SQL Warning Code: 0, SQLState: 00000
2023-08-23 15:02:56.414 [restartedMain] WARN  o.h.e.jdbc.spi.SqlExceptionHelper - table "movies" does not exist, skipping
2023-08-23 15:02:56.416 [restartedMain] WARN  o.h.e.jdbc.spi.SqlExceptionHelper - SQL Warning Code: 0, SQLState: 00000
2023-08-23 15:02:56.416 [restartedMain] WARN  o.h.e.jdbc.spi.SqlExceptionHelper - table "movies_screens" does not exist, skipping
2023-08-23 15:02:56.564 [restartedMain] INFO  o.s.o.j.LocalContainerEntityManagerFactoryBean - Initialized JPA EntityManagerFactory for persistence unit 'default'
2023-08-23 15:02:57.339 [restartedMain] WARN  o.s.b.a.o.j.JpaBaseConfiguration$JpaWebConfiguration - spring.jpa.open-in-view is enabled by default. Therefore, database queries may be performed during view rendering. Explicitly configure spring.jpa.open-in-view to disable this warning
2023-08-23 15:02:57.392 [restartedMain] INFO  o.s.b.d.a.OptionalLiveReloadServer - LiveReload server is running on port 35729
2023-08-23 15:02:57.452 [restartedMain] INFO  o.s.c.o.FeignClientFactoryBean - For 'MOVIE-MICROSERVICE' URL not provided. Will try picking an instance via load-balancing.
2023-08-23 15:02:58.335 [restartedMain] INFO  o.s.c.n.e.c.DiscoveryClientOptionalArgsConfiguration - Eureka HTTP Client uses RestTemplate.
2023-08-23 15:02:58.549 [restartedMain] WARN  o.s.c.l.c.LoadBalancerCacheAutoConfiguration$LoadBalancerCaffeineWarnLogger - Spring Cloud LoadBalancer is currently working with the default cache. While this cache implementation is useful for development and tests, it's recommended to use Caffeine cache in production.You can switch to using Caffeine cache, by adding it and org.springframework.cache.caffeine.CaffeineCacheManager to the classpath.
2023-08-23 15:02:58.590 [restartedMain] INFO  o.s.c.n.eureka.InstanceInfoFactory - Setting initial instance status as: STARTING
2023-08-23 15:02:58.692 [restartedMain] INFO  c.netflix.discovery.DiscoveryClient - Initializing Eureka in region us-east-1
2023-08-23 15:02:58.700 [restartedMain] INFO  c.n.d.s.r.aws.ConfigClusterResolver - Resolving eureka endpoints via configuration
2023-08-23 15:02:58.736 [restartedMain] INFO  c.netflix.discovery.DiscoveryClient - Disable delta property : false
2023-08-23 15:02:58.737 [restartedMain] INFO  c.netflix.discovery.DiscoveryClient - Single vip registry refresh property : null
2023-08-23 15:02:58.737 [restartedMain] INFO  c.netflix.discovery.DiscoveryClient - Force full registry fetch : false
2023-08-23 15:02:58.738 [restartedMain] INFO  c.netflix.discovery.DiscoveryClient - Application is null : false
2023-08-23 15:02:58.738 [restartedMain] INFO  c.netflix.discovery.DiscoveryClient - Registered Applications size is zero : true
2023-08-23 15:02:58.739 [restartedMain] INFO  c.netflix.discovery.DiscoveryClient - Application version is -1: true
2023-08-23 15:02:58.739 [restartedMain] INFO  c.netflix.discovery.DiscoveryClient - Getting all instance registry info from the eureka server
2023-08-23 15:02:59.327 [restartedMain] INFO  c.netflix.discovery.DiscoveryClient - The response status is 200
2023-08-23 15:02:59.330 [restartedMain] INFO  c.netflix.discovery.DiscoveryClient - Starting heartbeat executor: renew interval is: 30
2023-08-23 15:02:59.333 [restartedMain] INFO  c.n.discovery.InstanceInfoReplicator - InstanceInfoReplicator onDemand update allowed rate per min is 4
2023-08-23 15:02:59.339 [restartedMain] INFO  c.netflix.discovery.DiscoveryClient - Discovery Client initialized at timestamp 1692783179338 with initial instances count: 0
2023-08-23 15:02:59.347 [restartedMain] INFO  o.s.c.n.e.s.EurekaServiceRegistry - Registering application LOCATION-MICROSERVICE with eureka with status UP
2023-08-23 15:02:59.349 [restartedMain] INFO  c.netflix.discovery.DiscoveryClient - Saw local status change event StatusChangeEvent [timestamp=1692783179349, current=UP, previous=STARTING]
2023-08-23 15:02:59.351 [restartedMain] INFO  o.a.coyote.http11.Http11NioProtocol - Starting ProtocolHandler ["http-nio-8081"]
2023-08-23 15:02:59.351 [DiscoveryClient-InstanceInfoReplicator-0] INFO  c.netflix.discovery.DiscoveryClient - DiscoveryClient_LOCATION-MICROSERVICE/INLEN8520057920.corp.capgemini.com:LOCATION-MICROSERVICE:8081: registering service...
2023-08-23 15:02:59.401 [restartedMain] INFO  o.s.b.w.e.tomcat.TomcatWebServer - Tomcat started on port(s): 8081 (http) with context path ''
2023-08-23 15:02:59.406 [restartedMain] INFO  o.s.c.n.e.s.EurekaAutoServiceRegistration - Updating port to 8081
2023-08-23 15:02:59.511 [DiscoveryClient-InstanceInfoReplicator-0] INFO  c.netflix.discovery.DiscoveryClient - DiscoveryClient_LOCATION-MICROSERVICE/INLEN8520057920.corp.capgemini.com:LOCATION-MICROSERVICE:8081 - registration status: 204
2023-08-23 15:02:59.563 [restartedMain] INFO  c.m.location.LocationApplication - Started LocationApplication in 9.787 seconds (process running for 11.067)
2023-08-23 15:03:29.342 [DiscoveryClient-CacheRefreshExecutor-0] INFO  c.netflix.discovery.DiscoveryClient - Disable delta property : false
2023-08-23 15:03:29.344 [DiscoveryClient-CacheRefreshExecutor-0] INFO  c.netflix.discovery.DiscoveryClient - Single vip registry refresh property : null
2023-08-23 15:03:29.345 [DiscoveryClient-CacheRefreshExecutor-0] INFO  c.netflix.discovery.DiscoveryClient - Force full registry fetch : false
2023-08-23 15:03:29.345 [DiscoveryClient-CacheRefreshExecutor-0] INFO  c.netflix.discovery.DiscoveryClient - Application is null : false
2023-08-23 15:03:29.346 [DiscoveryClient-CacheRefreshExecutor-0] INFO  c.netflix.discovery.DiscoveryClient - Registered Applications size is zero : true
2023-08-23 15:03:29.347 [DiscoveryClient-CacheRefreshExecutor-0] INFO  c.netflix.discovery.DiscoveryClient - Application version is -1: false
2023-08-23 15:03:29.348 [DiscoveryClient-CacheRefreshExecutor-0] INFO  c.netflix.discovery.DiscoveryClient - Getting all instance registry info from the eureka server
2023-08-23 15:03:29.369 [DiscoveryClient-CacheRefreshExecutor-0] INFO  c.netflix.discovery.DiscoveryClient - The response status is 200
2023-08-23 15:05:23.621 [File Watcher] INFO  o.s.b.d.a.LocalDevToolsAutoConfiguration$RestartingClassPathChangeChangedEventListener - Restarting due to 3 class path changes (0 additions, 0 deletions, 3 modifications)
2023-08-23 15:05:23.668 [Thread-5] INFO  o.s.c.n.e.s.EurekaServiceRegistry - Unregistering application LOCATION-MICROSERVICE with eureka with status DOWN
2023-08-23 15:05:23.669 [Thread-5] INFO  c.netflix.discovery.DiscoveryClient - Saw local status change event StatusChangeEvent [timestamp=1692783323669, current=DOWN, previous=UP]
2023-08-23 15:05:23.679 [DiscoveryClient-InstanceInfoReplicator-0] INFO  c.netflix.discovery.DiscoveryClient - DiscoveryClient_LOCATION-MICROSERVICE/INLEN8520057920.corp.capgemini.com:LOCATION-MICROSERVICE:8081: registering service...
2023-08-23 15:05:23.693 [DiscoveryClient-InstanceInfoReplicator-0] INFO  c.netflix.discovery.DiscoveryClient - DiscoveryClient_LOCATION-MICROSERVICE/INLEN8520057920.corp.capgemini.com:LOCATION-MICROSERVICE:8081 - registration status: 204
2023-08-23 15:05:23.739 [Thread-5] INFO  o.a.coyote.http11.Http11NioProtocol - Pausing ProtocolHandler ["http-nio-8081"]
2023-08-23 15:05:23.742 [Thread-5] INFO  o.a.catalina.core.StandardService - Stopping service [Tomcat]
2023-08-23 15:05:23.754 [Thread-5] INFO  o.a.coyote.http11.Http11NioProtocol - Stopping ProtocolHandler ["http-nio-8081"]
2023-08-23 15:05:23.760 [Thread-5] INFO  o.a.coyote.http11.Http11NioProtocol - Destroying ProtocolHandler ["http-nio-8081"]
2023-08-23 15:05:23.771 [Thread-5] INFO  o.s.o.j.LocalContainerEntityManagerFactoryBean - Closing JPA EntityManagerFactory for persistence unit 'default'
2023-08-23 15:05:23.781 [Thread-5] INFO  com.zaxxer.hikari.HikariDataSource - HikariPool-1 - Shutdown initiated...
2023-08-23 15:05:23.790 [Thread-5] INFO  com.zaxxer.hikari.HikariDataSource - HikariPool-1 - Shutdown completed.
2023-08-23 15:05:23.851 [Thread-5] INFO  c.netflix.discovery.DiscoveryClient - Shutting down DiscoveryClient ...
2023-08-23 15:05:26.886 [Thread-5] INFO  c.netflix.discovery.DiscoveryClient - Unregistering ...
2023-08-23 15:05:26.896 [Thread-5] INFO  c.netflix.discovery.DiscoveryClient - DiscoveryClient_LOCATION-MICROSERVICE/INLEN8520057920.corp.capgemini.com:LOCATION-MICROSERVICE:8081 - deregister  status: 200
2023-08-23 15:05:26.901 [Thread-5] INFO  c.netflix.discovery.DiscoveryClient - Completed shut down of DiscoveryClient
2023-08-23 15:05:27.155 [restartedMain] INFO  c.m.location.LocationApplication - Starting LocationApplication using Java 17.0.6 with PID 23380 (C:\XCorps\Location-Microservice\Location\target\classes started by shivdas in C:\XCorps\Location-Microservice\Location)
2023-08-23 15:05:27.157 [restartedMain] INFO  c.m.location.LocationApplication - No active profile set, falling back to 1 default profile: "default"
2023-08-23 15:05:27.496 [restartedMain] INFO  o.s.d.r.c.RepositoryConfigurationDelegate - Bootstrapping Spring Data JPA repositories in DEFAULT mode.
2023-08-23 15:05:27.536 [restartedMain] INFO  o.s.d.r.c.RepositoryConfigurationDelegate - Finished Spring Data repository scanning in 38 ms. Found 5 JPA repository interfaces.
2023-08-23 15:05:27.676 [restartedMain] INFO  o.s.cloud.context.scope.GenericScope - BeanFactory id=23824501-a74a-3903-b583-05d76b3b5b2d
2023-08-23 15:05:27.698 [restartedMain] INFO  o.s.c.s.PostProcessorRegistrationDelegate$BeanPostProcessorChecker - Bean 'com.movieticketsystem.location.feignRequest.services.MovieService' of type [org.springframework.cloud.openfeign.FeignClientFactoryBean] is not eligible for getting processed by all BeanPostProcessors (for example: not eligible for auto-proxying)
2023-08-23 15:05:27.847 [restartedMain] INFO  o.s.b.w.e.tomcat.TomcatWebServer - Tomcat initialized with port(s): 8081 (http)
2023-08-23 15:05:27.848 [restartedMain] INFO  o.a.coyote.http11.Http11NioProtocol - Initializing ProtocolHandler ["http-nio-8081"]
2023-08-23 15:05:27.850 [restartedMain] INFO  o.a.catalina.core.StandardService - Starting service [Tomcat]
2023-08-23 15:05:27.850 [restartedMain] INFO  o.a.catalina.core.StandardEngine - Starting Servlet engine: [Apache Tomcat/10.1.10]
2023-08-23 15:05:27.906 [restartedMain] INFO  o.a.c.c.C.[Tomcat].[localhost].[/] - Initializing Spring embedded WebApplicationContext
2023-08-23 15:05:27.907 [restartedMain] INFO  o.s.b.w.s.c.ServletWebServerApplicationContext - Root WebApplicationContext: initialization completed in 746 ms
2023-08-23 15:05:27.941 [restartedMain] INFO  com.zaxxer.hikari.HikariDataSource - HikariPool-2 - Starting...
2023-08-23 15:05:28.157 [restartedMain] INFO  com.zaxxer.hikari.pool.HikariPool - HikariPool-2 - Added connection org.postgresql.jdbc.PgConnection@16e0cf5e
2023-08-23 15:05:28.157 [restartedMain] INFO  com.zaxxer.hikari.HikariDataSource - HikariPool-2 - Start completed.
2023-08-23 15:05:28.158 [restartedMain] INFO  o.s.b.a.h.H2ConsoleAutoConfiguration - H2 console available at '/h2-console'. Database available at 'jdbc:postgresql://localhost:5432/theatre'
2023-08-23 15:05:28.213 [restartedMain] INFO  o.h.jpa.internal.util.LogHelper - HHH000204: Processing PersistenceUnitInfo [name: default]
2023-08-23 15:05:28.226 [restartedMain] INFO  o.h.b.i.BytecodeProviderInitiator - HHH000021: Bytecode provider name : bytebuddy
2023-08-23 15:05:28.227 [restartedMain] INFO  o.s.o.j.p.SpringPersistenceUnitInfo - No LoadTimeWeaver setup: ignoring JPA class transformer
2023-08-23 15:05:28.280 [restartedMain] INFO  o.h.b.i.BytecodeProviderInitiator - HHH000021: Bytecode provider name : bytebuddy
2023-08-23 15:05:28.387 [restartedMain] INFO  o.h.e.t.j.p.i.JtaPlatformInitiator - HHH000490: Using JtaPlatform implementation: [org.hibernate.engine.transaction.jta.platform.internal.NoJtaPlatform]
2023-08-23 15:05:28.401 [restartedMain] WARN  o.h.e.jdbc.spi.SqlExceptionHelper - SQL Warning Code: 0, SQLState: 00000
2023-08-23 15:05:28.403 [restartedMain] WARN  o.h.e.jdbc.spi.SqlExceptionHelper - relation "theatre_movies" does not exist, skipping
2023-08-23 15:05:28.405 [restartedMain] WARN  o.h.e.jdbc.spi.SqlExceptionHelper - SQL Warning Code: 0, SQLState: 00000
2023-08-23 15:05:28.406 [restartedMain] WARN  o.h.e.jdbc.spi.SqlExceptionHelper - relation "theatre_movies" does not exist, skipping
2023-08-23 15:05:28.430 [restartedMain] WARN  o.h.e.jdbc.spi.SqlExceptionHelper - SQL Warning Code: 0, SQLState: 00000
2023-08-23 15:05:28.431 [restartedMain] WARN  o.h.e.jdbc.spi.SqlExceptionHelper - drop cascades to constraint fk15id3xpn2t8ywc0k3afl7fxa on table theatre_screens
2023-08-23 15:05:28.448 [restartedMain] WARN  o.h.e.jdbc.spi.SqlExceptionHelper - SQL Warning Code: 0, SQLState: 00000
2023-08-23 15:05:28.449 [restartedMain] WARN  o.h.e.jdbc.spi.SqlExceptionHelper - drop cascades to constraint fk4qmcf8braajt0aptna0kl8v3q on table theatre_screens
2023-08-23 15:05:28.451 [restartedMain] WARN  o.h.e.jdbc.spi.SqlExceptionHelper - SQL Warning Code: 0, SQLState: 00000
2023-08-23 15:05:28.452 [restartedMain] WARN  o.h.e.jdbc.spi.SqlExceptionHelper - table "theatre_movies" does not exist, skipping
2023-08-23 15:05:28.628 [restartedMain] INFO  o.s.o.j.LocalContainerEntityManagerFactoryBean - Initialized JPA EntityManagerFactory for persistence unit 'default'
2023-08-23 15:05:28.914 [restartedMain] WARN  o.s.b.a.o.j.JpaBaseConfiguration$JpaWebConfiguration - spring.jpa.open-in-view is enabled by default. Therefore, database queries may be performed during view rendering. Explicitly configure spring.jpa.open-in-view to disable this warning
2023-08-23 15:05:28.936 [restartedMain] INFO  o.s.b.d.a.OptionalLiveReloadServer - LiveReload server is running on port 35729
2023-08-23 15:05:28.958 [restartedMain] INFO  o.s.c.o.FeignClientFactoryBean - For 'MOVIE-MICROSERVICE' URL not provided. Will try picking an instance via load-balancing.
2023-08-23 15:05:29.515 [restartedMain] INFO  o.s.c.n.e.c.DiscoveryClientOptionalArgsConfiguration - Eureka HTTP Client uses RestTemplate.
2023-08-23 15:05:29.677 [restartedMain] WARN  o.s.c.l.c.LoadBalancerCacheAutoConfiguration$LoadBalancerCaffeineWarnLogger - Spring Cloud LoadBalancer is currently working with the default cache. While this cache implementation is useful for development and tests, it's recommended to use Caffeine cache in production.You can switch to using Caffeine cache, by adding it and org.springframework.cache.caffeine.CaffeineCacheManager to the classpath.
2023-08-23 15:05:29.695 [restartedMain] INFO  o.s.c.n.eureka.InstanceInfoFactory - Setting initial instance status as: STARTING
2023-08-23 15:05:29.700 [restartedMain] INFO  c.netflix.discovery.DiscoveryClient - Initializing Eureka in region us-east-1
2023-08-23 15:05:29.701 [restartedMain] INFO  c.n.d.s.r.aws.ConfigClusterResolver - Resolving eureka endpoints via configuration
2023-08-23 15:05:29.712 [restartedMain] INFO  c.netflix.discovery.DiscoveryClient - Disable delta property : false
2023-08-23 15:05:29.713 [restartedMain] INFO  c.netflix.discovery.DiscoveryClient - Single vip registry refresh property : null
2023-08-23 15:05:29.713 [restartedMain] INFO  c.netflix.discovery.DiscoveryClient - Force full registry fetch : false
2023-08-23 15:05:29.714 [restartedMain] INFO  c.netflix.discovery.DiscoveryClient - Application is null : false
2023-08-23 15:05:29.714 [restartedMain] INFO  c.netflix.discovery.DiscoveryClient - Registered Applications size is zero : true
2023-08-23 15:05:29.714 [restartedMain] INFO  c.netflix.discovery.DiscoveryClient - Application version is -1: true
2023-08-23 15:05:29.715 [restartedMain] INFO  c.netflix.discovery.DiscoveryClient - Getting all instance registry info from the eureka server
2023-08-23 15:05:29.749 [restartedMain] INFO  c.netflix.discovery.DiscoveryClient - The response status is 200
2023-08-23 15:05:29.751 [restartedMain] INFO  c.netflix.discovery.DiscoveryClient - Starting heartbeat executor: renew interval is: 30
2023-08-23 15:05:29.754 [restartedMain] INFO  c.n.discovery.InstanceInfoReplicator - InstanceInfoReplicator onDemand update allowed rate per min is 4
2023-08-23 15:05:29.756 [restartedMain] INFO  c.netflix.discovery.DiscoveryClient - Discovery Client initialized at timestamp 1692783329756 with initial instances count: 1
2023-08-23 15:05:29.761 [restartedMain] INFO  o.s.c.n.e.s.EurekaServiceRegistry - Registering application LOCATION-MICROSERVICE with eureka with status UP
2023-08-23 15:05:29.762 [restartedMain] INFO  c.netflix.discovery.DiscoveryClient - Saw local status change event StatusChangeEvent [timestamp=1692783329762, current=UP, previous=STARTING]
2023-08-23 15:05:29.762 [DiscoveryClient-InstanceInfoReplicator-0] INFO  c.netflix.discovery.DiscoveryClient - DiscoveryClient_LOCATION-MICROSERVICE/INLEN8520057920.corp.capgemini.com:LOCATION-MICROSERVICE:8081: registering service...
2023-08-23 15:05:29.763 [restartedMain] INFO  o.a.coyote.http11.Http11NioProtocol - Starting ProtocolHandler ["http-nio-8081"]
2023-08-23 15:05:29.770 [restartedMain] INFO  o.s.b.w.e.tomcat.TomcatWebServer - Tomcat started on port(s): 8081 (http) with context path ''
2023-08-23 15:05:29.772 [restartedMain] INFO  o.s.c.n.e.s.EurekaAutoServiceRegistration - Updating port to 8081
2023-08-23 15:05:29.784 [DiscoveryClient-InstanceInfoReplicator-0] INFO  c.netflix.discovery.DiscoveryClient - DiscoveryClient_LOCATION-MICROSERVICE/INLEN8520057920.corp.capgemini.com:LOCATION-MICROSERVICE:8081 - registration status: 204
2023-08-23 15:05:29.925 [restartedMain] INFO  c.m.location.LocationApplication - Started LocationApplication in 2.958 seconds (process running for 161.418)
2023-08-23 15:05:29.929 [restartedMain] INFO  o.s.b.d.a.ConditionEvaluationDeltaLoggingListener - Condition evaluation unchanged
2023-08-23 15:05:32.570 [SpringApplicationShutdownHook] INFO  o.s.c.n.e.s.EurekaServiceRegistry - Unregistering application LOCATION-MICROSERVICE with eureka with status DOWN
2023-08-23 15:05:32.570 [SpringApplicationShutdownHook] INFO  c.netflix.discovery.DiscoveryClient - Saw local status change event StatusChangeEvent [timestamp=1692783332570, current=DOWN, previous=UP]
2023-08-23 15:05:32.571 [DiscoveryClient-InstanceInfoReplicator-0] INFO  c.netflix.discovery.DiscoveryClient - DiscoveryClient_LOCATION-MICROSERVICE/INLEN8520057920.corp.capgemini.com:LOCATION-MICROSERVICE:8081: registering service...
2023-08-23 15:05:32.580 [DiscoveryClient-InstanceInfoReplicator-0] INFO  c.netflix.discovery.DiscoveryClient - DiscoveryClient_LOCATION-MICROSERVICE/INLEN8520057920.corp.capgemini.com:LOCATION-MICROSERVICE:8081 - registration status: 204
2023-08-23 15:05:32.589 [SpringApplicationShutdownHook] INFO  o.s.o.j.LocalContainerEntityManagerFactoryBean - Closing JPA EntityManagerFactory for persistence unit 'default'
2023-08-23 15:05:32.590 [SpringApplicationShutdownHook] INFO  com.zaxxer.hikari.HikariDataSource - HikariPool-2 - Shutdown initiated...
2023-08-23 15:05:32.598 [SpringApplicationShutdownHook] INFO  com.zaxxer.hikari.HikariDataSource - HikariPool-2 - Shutdown completed.
2023-08-23 15:05:32.600 [SpringApplicationShutdownHook] INFO  c.netflix.discovery.DiscoveryClient - Shutting down DiscoveryClient ...
2023-08-23 15:05:35.602 [SpringApplicationShutdownHook] INFO  c.netflix.discovery.DiscoveryClient - Unregistering ...
2023-08-23 15:05:35.612 [SpringApplicationShutdownHook] INFO  c.netflix.discovery.DiscoveryClient - DiscoveryClient_LOCATION-MICROSERVICE/INLEN8520057920.corp.capgemini.com:LOCATION-MICROSERVICE:8081 - deregister  status: 200
2023-08-23 15:05:35.619 [SpringApplicationShutdownHook] INFO  c.netflix.discovery.DiscoveryClient - Completed shut down of DiscoveryClient
