2023-07-07 11:09:03.507 [restartedMain] INFO  c.m.location.LocationApplication - Starting LocationApplication using Java 17.0.6 with PID 19380 (C:\XCorps\Location-Microservice\Location\target\classes started by shivdas in C:\XCorps\Location-Microservice\Location)
2023-07-07 11:09:03.512 [restartedMain] INFO  c.m.location.LocationApplication - No active profile set, falling back to 1 default profile: "default"
2023-07-07 11:09:03.591 [restartedMain] INFO  o.s.b.d.e.DevToolsPropertyDefaultsPostProcessor - Devtools property defaults active! Set 'spring.devtools.add-properties' to 'false' to disable
2023-07-07 11:09:03.593 [restartedMain] INFO  o.s.b.d.e.DevToolsPropertyDefaultsPostProcessor - For additional web related logging consider setting the 'logging.level.web' property to 'DEBUG'
2023-07-07 11:09:04.426 [restartedMain] INFO  o.s.d.r.c.RepositoryConfigurationDelegate - Bootstrapping Spring Data JPA repositories in DEFAULT mode.
2023-07-07 11:09:04.517 [restartedMain] INFO  o.s.d.r.c.RepositoryConfigurationDelegate - Finished Spring Data repository scanning in 79 ms. Found 3 JPA repository interfaces.
2023-07-07 11:09:05.482 [restartedMain] INFO  o.s.b.w.e.tomcat.TomcatWebServer - Tomcat initialized with port(s): 8081 (http)
2023-07-07 11:09:05.496 [restartedMain] INFO  o.a.coyote.http11.Http11NioProtocol - Initializing ProtocolHandler ["http-nio-8081"]
2023-07-07 11:09:05.500 [restartedMain] INFO  o.a.catalina.core.StandardService - Starting service [Tomcat]
2023-07-07 11:09:05.501 [restartedMain] INFO  o.a.catalina.core.StandardEngine - Starting Servlet engine: [Apache Tomcat/10.1.10]
2023-07-07 11:09:05.593 [restartedMain] INFO  o.a.c.c.C.[Tomcat].[localhost].[/] - Initializing Spring embedded WebApplicationContext
2023-07-07 11:09:05.596 [restartedMain] INFO  o.s.b.w.s.c.ServletWebServerApplicationContext - Root WebApplicationContext: initialization completed in 2000 ms
2023-07-07 11:09:05.655 [restartedMain] INFO  com.zaxxer.hikari.HikariDataSource - HikariPool-1 - Starting...
2023-07-07 11:09:05.885 [restartedMain] INFO  com.zaxxer.hikari.pool.HikariPool - HikariPool-1 - Added connection org.postgresql.jdbc.PgConnection@ad97a3d
2023-07-07 11:09:05.886 [restartedMain] INFO  com.zaxxer.hikari.HikariDataSource - HikariPool-1 - Start completed.
2023-07-07 11:09:05.901 [restartedMain] INFO  o.s.b.a.h.H2ConsoleAutoConfiguration - H2 console available at '/h2-console'. Database available at 'jdbc:postgresql://localhost:5432/location'
2023-07-07 11:09:06.101 [restartedMain] INFO  o.h.jpa.internal.util.LogHelper - HHH000204: Processing PersistenceUnitInfo [name: default]
2023-07-07 11:09:06.179 [restartedMain] INFO  org.hibernate.Version - HHH000412: Hibernate ORM core version 6.2.5.Final
2023-07-07 11:09:06.183 [restartedMain] INFO  org.hibernate.cfg.Environment - HHH000406: Using bytecode reflection optimizer
2023-07-07 11:09:06.370 [restartedMain] INFO  o.h.b.i.BytecodeProviderInitiator - HHH000021: Bytecode provider name : bytebuddy
2023-07-07 11:09:06.532 [restartedMain] INFO  o.s.o.j.p.SpringPersistenceUnitInfo - No LoadTimeWeaver setup: ignoring JPA class transformer
2023-07-07 11:09:06.843 [restartedMain] INFO  o.h.b.i.BytecodeProviderInitiator - HHH000021: Bytecode provider name : bytebuddy
2023-07-07 11:09:07.541 [restartedMain] INFO  o.h.e.t.j.p.i.JtaPlatformInitiator - HHH000490: Using JtaPlatform implementation: [org.hibernate.engine.transaction.jta.platform.internal.NoJtaPlatform]
2023-07-07 11:09:07.643 [restartedMain] INFO  o.s.o.j.LocalContainerEntityManagerFactoryBean - Initialized JPA EntityManagerFactory for persistence unit 'default'
2023-07-07 11:09:08.245 [restartedMain] WARN  o.s.b.a.o.j.JpaBaseConfiguration$JpaWebConfiguration - spring.jpa.open-in-view is enabled by default. Therefore, database queries may be performed during view rendering. Explicitly configure spring.jpa.open-in-view to disable this warning
2023-07-07 11:09:08.880 [restartedMain] INFO  o.s.b.d.a.OptionalLiveReloadServer - LiveReload server is running on port 35729
2023-07-07 11:09:08.896 [restartedMain] INFO  o.a.coyote.http11.Http11NioProtocol - Starting ProtocolHandler ["http-nio-8081"]
2023-07-07 11:09:08.934 [restartedMain] INFO  o.s.b.w.e.tomcat.TomcatWebServer - Tomcat started on port(s): 8081 (http) with context path ''
2023-07-07 11:09:08.945 [restartedMain] INFO  c.m.location.LocationApplication - Started LocationApplication in 6.145 seconds (process running for 6.921)
2023-07-07 11:09:25.639 [http-nio-8081-exec-2] INFO  o.a.c.c.C.[Tomcat].[localhost].[/] - Initializing Spring DispatcherServlet 'dispatcherServlet'
2023-07-07 11:09:25.646 [http-nio-8081-exec-2] INFO  o.s.web.servlet.DispatcherServlet - Initializing Servlet 'dispatcherServlet'
2023-07-07 11:09:25.649 [http-nio-8081-exec-2] INFO  o.s.web.servlet.DispatcherServlet - Completed initialization in 3 ms
2023-07-07 11:09:25.773 [http-nio-8081-exec-2] INFO  c.m.location.Logging.LoggingDetail - method invoked class com.movieticketsystem.location.Controller.CityController : getCityByName()arguments : ["Delhi"]
2023-07-07 11:09:25.774 [http-nio-8081-exec-2] INFO  c.m.location.Logging.LoggingDetail - method invoked class com.movieticketsystem.location.Service.CityServiceImpl : getCityByName()arguments : ["Delhi"]
2023-07-07 11:09:25.779 [http-nio-8081-exec-2] INFO  c.m.location.Logging.LoggingDetail - method invoked class jdk.proxy4.$Proxy119 : findByCityName()arguments : ["Delhi"]
2023-07-07 11:09:26.051 [http-nio-8081-exec-2] INFO  c.m.location.Logging.LoggingDetail - class jdk.proxy4.$Proxy119 : findByCityName()Response : {"empty":false,"present":true}
2023-07-07 11:09:26.088 [http-nio-8081-exec-2] INFO  c.m.location.Logging.LoggingDetail - class com.movieticketsystem.location.Service.CityServiceImpl : getCityByName()Response : {"cityId":"d0311a71-6b4b-4ec8-b0da-c6b5c8cdac75","cityName":"Delhi","cityAddress":"Chandni Chowk","theatre":[]}
2023-07-07 11:09:26.094 [http-nio-8081-exec-2] INFO  c.m.location.Logging.LoggingDetail - class com.movieticketsystem.location.Controller.CityController : getCityByName()Response : {"cityId":"d0311a71-6b4b-4ec8-b0da-c6b5c8cdac75","cityName":"Delhi","cityAddress":"Chandni Chowk","theatre":[]}
